android/app/build/intermediates/manifest_merge_blame_file/release/manifest-merger-blame-release-report.txt
1<?xml version="1.0" encoding="utf-8"?>
2<manifest xmlns:android="http://schemas.android.com/apk/res/android"
3    package="com.uderdriverapp"
4    android:versionCode="2"
5    android:versionName="2.0" >
6
7    <uses-sdk
8        android:minSdkVersion="21"
8-->src\main\AndroidManifest.xml
9        android:targetSdkVersion="33" />
9-->src\main\AndroidManifest.xml
10
11    <uses-permission android:name="android.permission.INTERNET" />
11-->src\main\AndroidManifest.xml:3:1-63
11-->src\main\AndroidManifest.xml:3:18-60
12    <uses-permission android:name="android.permission.ACCESS_GPS" />
12-->src\main\AndroidManifest.xml:4:2-66
12-->src\main\AndroidManifest.xml:4:19-63
13    <uses-permission android:name="android.permission.ACCESS_FINE_LOCATION" /> <!-- required for HTML geolocation access -->
13-->src\main\AndroidManifest.xml:5:2-76
13-->src\main\AndroidManifest.xml:5:19-73
14    <uses-permission android:name="android.permission.ACCESS_LOCATION" />
14-->src\main\AndroidManifest.xml:6:2-71
14-->src\main\AndroidManifest.xml:6:19-68
15    <uses-permission android:name="android.permission.ACCESS_COARSE_LOCATION" /> <!-- required for HTML geolocation access -->
15-->src\main\AndroidManifest.xml:7:2-78
15-->src\main\AndroidManifest.xml:7:19-75
16
17    <uses-permission android:name="android.permission.ACCESS_WIFI_STATE" /> <!-- check WiFi connection -->
17-->src\main\AndroidManifest.xml:9:2-73
17-->src\main\AndroidManifest.xml:9:19-70
18    <uses-permission android:name="android.permission.CHANGE_WIFI_STATE" /> <!-- required for Wifi pre-config -->
18-->src\main\AndroidManifest.xml:10:2-73
18-->src\main\AndroidManifest.xml:10:19-70
19    <!-- <uses-permission android:name="android.permission.ACCESS_BACKGROUND_LOCATION" /> -->
20    <uses-permission android:name="android.permission.ACCESS_NETWORK_STATE" />
20-->src\main\AndroidManifest.xml:12:2-76
20-->src\main\AndroidManifest.xml:12:19-73
21    <uses-permission android:name="android.permission.CHANGE_NETWORK_STATE" />
21-->src\main\AndroidManifest.xml:13:2-76
21-->src\main\AndroidManifest.xml:13:19-73
22    <uses-permission android:name="android.permission.ACTIVITY_RECOGNITION" />
22-->src\main\AndroidManifest.xml:15:2-76
22-->src\main\AndroidManifest.xml:15:19-73
23    <uses-permission android:name="android.permission.BODY_SENSORS" />
23-->src\main\AndroidManifest.xml:16:2-68
23-->src\main\AndroidManifest.xml:16:19-65
24    <!-- <uses-permission android:name="android.permission.GET_ACCOUNTS" /> -->
25    <uses-permission android:name="android.permission.READ_CALENDAR" />
25-->src\main\AndroidManifest.xml:18:2-69
25-->src\main\AndroidManifest.xml:18:19-66
26    <uses-permission android:name="android.permission.WRITE_CALENDAR" />
26-->src\main\AndroidManifest.xml:19:2-70
26-->src\main\AndroidManifest.xml:19:19-67
27    <uses-permission android:name="android.permission.ANSWER_PHONE_CALLS" />
27-->src\main\AndroidManifest.xml:20:2-74
27-->src\main\AndroidManifest.xml:20:19-71
28    <uses-permission android:name="android.permission.CALL_PHONE" />
28-->src\main\AndroidManifest.xml:21:2-66
28-->src\main\AndroidManifest.xml:21:19-63
29    <!-- <uses-permission android:name="android.permission.PROCESS_OUTGOING_CALLS" /> -->
30    <!-- <uses-permission android:name="android.permission.READ_CALL_LOG" /> -->
31    <!-- <uses-permission android:name="android.permission.WRITE_CALL_LOG" /> -->
32    <uses-permission android:name="android.permission.READ_PHONE_NUMBERS" />
32-->src\main\AndroidManifest.xml:25:2-74
32-->src\main\AndroidManifest.xml:25:19-71
33    <uses-permission android:name="android.permission.READ_PHONE_STATE" />
33-->src\main\AndroidManifest.xml:26:2-72
33-->src\main\AndroidManifest.xml:26:19-69
34    <uses-permission android:name="android.permission.READ_CONTACTS" />
34-->src\main\AndroidManifest.xml:29:2-69
34-->src\main\AndroidManifest.xml:29:19-66
35    <uses-permission android:name="android.permission.WRITE_CONTACTS" />
35-->src\main\AndroidManifest.xml:30:2-70
35-->src\main\AndroidManifest.xml:30:19-67
36    <!-- <uses-permission android:name="android.permission.READ_SMS" /> -->
37    <!-- <uses-permission android:name="android.permission.SEND_SMS" /> -->
38    <!-- <uses-permission android:name="android.permission.RECEIVE_SMS" /> -->
39    <!-- <uses-permission android:name="android.permission.RECEIVE_WAP_PUSH" /> -->
40    <!-- <uses-permission android:name="android.permission.RECEIVE_MMS" /> -->
41    <uses-permission android:name="android.permission.USE_SIP" />
41-->src\main\AndroidManifest.xml:36:2-63
41-->src\main\AndroidManifest.xml:36:19-60
42    <uses-permission android:name="com.android.voicemail.permission.ADD_VOICEMAIL" />
42-->src\main\AndroidManifest.xml:37:2-83
42-->src\main\AndroidManifest.xml:37:19-80
43    <uses-permission android:name="android.permission.ACCEPT_HANDOVER" />
43-->src\main\AndroidManifest.xml:40:2-71
43-->src\main\AndroidManifest.xml:40:19-68
44    <uses-permission android:name="android.permission.WRITE_EXTERNAL_STORAGE" /> <!-- export settings to file -->
44-->src\main\AndroidManifest.xml:41:2-78
44-->src\main\AndroidManifest.xml:41:19-75
45    <uses-permission android:name="android.permission.READ_EXTERNAL_STORAGE" /> <!-- show local files with file: // and import settings -->
45-->src\main\AndroidManifest.xml:42:2-77
45-->src\main\AndroidManifest.xml:42:19-74
46    <uses-permission android:name="android.permission.WAKE_LOCK" />
46-->src\main\AndroidManifest.xml:43:2-65
46-->src\main\AndroidManifest.xml:43:19-62
47    <uses-permission android:name="android.permission.SYSTEM_ALERT_WINDOW" />
47-->src\main\AndroidManifest.xml:44:2-75
47-->src\main\AndroidManifest.xml:44:19-72
48    <uses-permission android:name="android.permission.SET_ALARM" /> <!-- required for scheduled sleep and wakeup -->
48-->src\main\AndroidManifest.xml:45:2-65
48-->src\main\AndroidManifest.xml:45:19-62
49    <uses-permission android:name="android.permission.INSTALL_SHORTCUT" /> <!-- add links to the home screen -->
49-->src\main\AndroidManifest.xml:46:2-72
49-->src\main\AndroidManifest.xml:46:19-69
50    <!--
51    <uses-permission android:name="android.permission.INSTALL_PACKAGES" />
52	<uses-permission android:name="android.permission.REQUEST_INSTALL_PACKAGES" />
53    -->
54    <uses-permission android:name="android.permission.DISABLE_KEYGUARD" /> <!-- unlock screen -->
54-->src\main\AndroidManifest.xml:49:2-72
54-->src\main\AndroidManifest.xml:49:19-69
55    <uses-permission android:name="android.permission.REORDER_TASKS" /> <!-- unlock screen -->
55-->src\main\AndroidManifest.xml:50:2-69
55-->src\main\AndroidManifest.xml:50:19-66
56    <uses-permission android:name="android.permission.GET_TASKS" />
56-->src\main\AndroidManifest.xml:51:2-65
56-->src\main\AndroidManifest.xml:51:19-62
57    <uses-permission android:name="android.permission.GET_PACKAGE_SIZE" />
57-->src\main\AndroidManifest.xml:52:2-72
57-->src\main\AndroidManifest.xml:52:19-69
58    <uses-permission android:name="android.permission.CAMERA" />
58-->src\main\AndroidManifest.xml:54:2-62
58-->src\main\AndroidManifest.xml:54:19-59
59
60    <uses-feature android:name="android.hardware.camera" />
60-->src\main\AndroidManifest.xml:55:2-57
60-->src\main\AndroidManifest.xml:55:16-54
61    <uses-feature android:name="android.hardware.camera.autofocus" />
61-->src\main\AndroidManifest.xml:56:2-67
61-->src\main\AndroidManifest.xml:56:16-64
62
63    <uses-permission android:name="android.permission.RECORD_AUDIO" /> <!-- required for HTML microphone access and acoustic motion detection -->
63-->src\main\AndroidManifest.xml:58:2-68
63-->src\main\AndroidManifest.xml:58:19-65
64    <uses-permission android:name="android.permission.MODIFY_AUDIO_SETTINGS" /> <!-- required for HTML microphone access -->
64-->src\main\AndroidManifest.xml:59:2-77
64-->src\main\AndroidManifest.xml:59:19-74
65    <uses-permission android:name="android.permission.VIBRATE" />
65-->src\main\AndroidManifest.xml:60:2-63
65-->src\main\AndroidManifest.xml:60:19-60
66    <uses-permission android:name="android.permission.BLUETOOTH" />
66-->src\main\AndroidManifest.xml:61:2-65
66-->src\main\AndroidManifest.xml:61:19-62
67    <uses-permission android:name="android.permission.BLUETOOTH_ADMIN" />
67-->src\main\AndroidManifest.xml:62:2-71
67-->src\main\AndroidManifest.xml:62:19-68
68    <uses-permission android:name="android.permission.EXPAND_STATUS_BAR" /> <!-- collapse status bar in Kiosk Mode -->
68-->src\main\AndroidManifest.xml:63:2-73
68-->src\main\AndroidManifest.xml:63:19-70
69
70    <uses-permission android:name="android.permission.RECEIVE_BOOT_COMPLETED" />
70-->src\main\AndroidManifest.xml:65:2-78
70-->src\main\AndroidManifest.xml:65:19-75
71    <!-- Required by older versions of Google Play services to create IID tokens -->
72    <uses-permission android:name="com.google.android.c2dm.permission.RECEIVE" />
72-->[com.google.android.gms:play-services-iid:17.0.0] AndroidManifest.xml:23:5-82
72-->[com.google.android.gms:play-services-iid:17.0.0] AndroidManifest.xml:23:22-79
73
74    <uses-feature
74-->[com.google.android.gms:play-services-maps:18.2.0] AndroidManifest.xml:26:5-28:35
75        android:glEsVersion="0x00020000"
75-->[com.google.android.gms:play-services-maps:18.2.0] AndroidManifest.xml:27:9-41
76        android:required="true" />
76-->[com.google.android.gms:play-services-maps:18.2.0] AndroidManifest.xml:28:9-32
77
78    <queries>
78-->[com.google.android.gms:play-services-maps:18.2.0] AndroidManifest.xml:30:5-34:15
79
80        <!-- Needs to be explicitly declared on Android R+ -->
81        <package android:name="com.google.android.apps.maps" />
81-->[com.google.android.gms:play-services-maps:18.2.0] AndroidManifest.xml:33:9-64
81-->[com.google.android.gms:play-services-maps:18.2.0] AndroidManifest.xml:33:18-61
82    </queries>
83
84    <uses-permission android:name="android.permission.FOREGROUND_SERVICE" /> <!-- for android -->
84-->[androidx.work:work-runtime:2.7.1] AndroidManifest.xml:28:5-77
84-->[androidx.work:work-runtime:2.7.1] AndroidManifest.xml:28:22-74
85    <!-- <uses-permission android:name="com.android.launcher.permission.READ_SETTINGS"/> -->
86    <!-- <uses-permission android:name="com.android.launcher.permission.WRITE_SETTINGS"/> -->
87    <!-- <uses-permission android:name="com.android.launcher.permission.INSTALL_SHORTCUT" /> -->
88    <!-- <uses-permission android:name="com.android.launcher.permission.UNINSTALL_SHORTCUT" /> -->
89    <!-- for Samsung -->
90    <uses-permission android:name="com.sec.android.provider.badge.permission.READ" />
90-->[me.leolin:ShortcutBadger:1.1.22] AndroidManifest.xml:19:5-86
90-->[me.leolin:ShortcutBadger:1.1.22] AndroidManifest.xml:19:22-83
91    <uses-permission android:name="com.sec.android.provider.badge.permission.WRITE" /> <!-- for htc -->
91-->[me.leolin:ShortcutBadger:1.1.22] AndroidManifest.xml:20:5-87
91-->[me.leolin:ShortcutBadger:1.1.22] AndroidManifest.xml:20:22-84
92    <uses-permission android:name="com.htc.launcher.permission.READ_SETTINGS" />
92-->[me.leolin:ShortcutBadger:1.1.22] AndroidManifest.xml:23:5-81
92-->[me.leolin:ShortcutBadger:1.1.22] AndroidManifest.xml:23:22-78
93    <uses-permission android:name="com.htc.launcher.permission.UPDATE_SHORTCUT" /> <!-- for sony -->
93-->[me.leolin:ShortcutBadger:1.1.22] AndroidManifest.xml:24:5-83
93-->[me.leolin:ShortcutBadger:1.1.22] AndroidManifest.xml:24:22-80
94    <uses-permission android:name="com.sonyericsson.home.permission.BROADCAST_BADGE" />
94-->[me.leolin:ShortcutBadger:1.1.22] AndroidManifest.xml:27:5-88
94-->[me.leolin:ShortcutBadger:1.1.22] AndroidManifest.xml:27:22-85
95    <uses-permission android:name="com.sonymobile.home.permission.PROVIDER_INSERT_BADGE" /> <!-- for apex -->
95-->[me.leolin:ShortcutBadger:1.1.22] AndroidManifest.xml:28:5-92
95-->[me.leolin:ShortcutBadger:1.1.22] AndroidManifest.xml:28:22-89
96    <uses-permission android:name="com.anddoes.launcher.permission.UPDATE_COUNT" /> <!-- for solid -->
96-->[me.leolin:ShortcutBadger:1.1.22] AndroidManifest.xml:31:5-84
96-->[me.leolin:ShortcutBadger:1.1.22] AndroidManifest.xml:31:22-81
97    <uses-permission android:name="com.majeur.launcher.permission.UPDATE_BADGE" /> <!-- for huawei -->
97-->[me.leolin:ShortcutBadger:1.1.22] AndroidManifest.xml:34:5-83
97-->[me.leolin:ShortcutBadger:1.1.22] AndroidManifest.xml:34:22-80
98    <uses-permission android:name="com.huawei.android.launcher.permission.CHANGE_BADGE" />
98-->[me.leolin:ShortcutBadger:1.1.22] AndroidManifest.xml:37:5-91
98-->[me.leolin:ShortcutBadger:1.1.22] AndroidManifest.xml:37:22-88
99    <uses-permission android:name="com.huawei.android.launcher.permission.READ_SETTINGS" />
99-->[me.leolin:ShortcutBadger:1.1.22] AndroidManifest.xml:38:5-92
99-->[me.leolin:ShortcutBadger:1.1.22] AndroidManifest.xml:38:22-89
100    <uses-permission android:name="com.huawei.android.launcher.permission.WRITE_SETTINGS" /> <!-- for ZUK -->
100-->[me.leolin:ShortcutBadger:1.1.22] AndroidManifest.xml:39:5-93
100-->[me.leolin:ShortcutBadger:1.1.22] AndroidManifest.xml:39:22-90
101    <uses-permission android:name="android.permission.READ_APP_BADGE" /> <!-- for OPPO -->
101-->[me.leolin:ShortcutBadger:1.1.22] AndroidManifest.xml:42:5-73
101-->[me.leolin:ShortcutBadger:1.1.22] AndroidManifest.xml:42:22-70
102    <uses-permission android:name="com.oppo.launcher.permission.READ_SETTINGS" />
102-->[me.leolin:ShortcutBadger:1.1.22] AndroidManifest.xml:45:5-82
102-->[me.leolin:ShortcutBadger:1.1.22] AndroidManifest.xml:45:22-79
103    <uses-permission android:name="com.oppo.launcher.permission.WRITE_SETTINGS" /> <!-- for EvMe -->
103-->[me.leolin:ShortcutBadger:1.1.22] AndroidManifest.xml:46:5-83
103-->[me.leolin:ShortcutBadger:1.1.22] AndroidManifest.xml:46:22-80
104    <uses-permission android:name="me.everything.badger.permission.BADGE_COUNT_READ" />
104-->[me.leolin:ShortcutBadger:1.1.22] AndroidManifest.xml:49:5-88
104-->[me.leolin:ShortcutBadger:1.1.22] AndroidManifest.xml:49:22-85
105    <uses-permission android:name="me.everything.badger.permission.BADGE_COUNT_WRITE" />
105-->[me.leolin:ShortcutBadger:1.1.22] AndroidManifest.xml:50:5-89
105-->[me.leolin:ShortcutBadger:1.1.22] AndroidManifest.xml:50:22-86
106    <uses-permission android:name="com.google.android.finsky.permission.BIND_GET_INSTALL_REFERRER_SERVICE" />
106-->[com.android.installreferrer:installreferrer:1.1.2] AndroidManifest.xml:9:5-110
106-->[com.android.installreferrer:installreferrer:1.1.2] AndroidManifest.xml:9:22-107
107
108    <application
108-->src\main\AndroidManifest.xml:67:5-136:19
109        android:name="com.uderdriverapp.MainApplication"
109-->src\main\AndroidManifest.xml:68:7-38
110        android:allowBackup="false"
110-->src\main\AndroidManifest.xml:72:7-34
111        android:appComponentFactory="androidx.core.app.CoreComponentFactory"
111-->[androidx.core:core:1.7.0] AndroidManifest.xml:24:18-86
112        android:hardwareAccelerated="true"
112-->src\main\AndroidManifest.xml:74:7-41
113        android:icon="@mipmap/ic_launcher"
113-->src\main\AndroidManifest.xml:70:7-41
114        android:label="@string/app_name"
114-->src\main\AndroidManifest.xml:69:7-39
115        android:largeHeap="true"
115-->src\main\AndroidManifest.xml:75:4-28
116        android:networkSecurityConfig="@xml/network_security_config"
116-->src\main\AndroidManifest.xml:79:4-64
117        android:resizeableActivity="false"
117-->src\main\AndroidManifest.xml:77:4-38
118        android:roundIcon="@mipmap/ic_launcher_round"
118-->src\main\AndroidManifest.xml:71:7-52
119        android:supportsRtl="true"
119-->src\main\AndroidManifest.xml:76:7-33
120        android:theme="@style/AppTheme"
120-->src\main\AndroidManifest.xml:73:7-38
121        android:usesCleartextTraffic="true" >
121-->src\main\AndroidManifest.xml:78:4-39
122
123        <!-- Add this SplashActivity -->
124        <!--
125        <activity android:name=".SplashActivity" android:theme="@style/SplashTheme" android:label="@string/app_name">
126		  <intent-filter>
127			  <action android:name="android.intent.action.MAIN" />
128			  <category android:name="android.intent.category.LAUNCHER" />
129		  </intent-filter>
130		</activity>
131        -->
132
133        <activity
133-->src\main\AndroidManifest.xml:91:7-104:14
134            android:name="com.uderdriverapp.MainActivity"
134-->src\main\AndroidManifest.xml:92:9-37
135            android:configChanges="keyboard|keyboardHidden|orientation|screenLayout|screenSize|smallestScreenSize|uiMode"
135-->src\main\AndroidManifest.xml:94:9-118
136            android:exported="true"
136-->src\main\AndroidManifest.xml:97:9-32
137            android:label="@string/app_name"
137-->src\main\AndroidManifest.xml:93:9-41
138            android:launchMode="singleTask"
138-->src\main\AndroidManifest.xml:95:9-40
139            android:screenOrientation="portrait"
139-->src\main\AndroidManifest.xml:98:3-39
140            android:windowSoftInputMode="adjustResize" >
140-->src\main\AndroidManifest.xml:96:9-51
141            <intent-filter>
141-->src\main\AndroidManifest.xml:100:4-103:20
142                <action android:name="android.intent.action.MAIN" />
142-->src\main\AndroidManifest.xml:101:5-57
142-->src\main\AndroidManifest.xml:101:13-54
143
144                <category android:name="android.intent.category.LAUNCHER" />
144-->src\main\AndroidManifest.xml:102:5-65
144-->src\main\AndroidManifest.xml:102:15-62
145            </intent-filter>
146        </activity>
147
148        <!-- [START fcm_default_icon] -->
149        <!--
150        <meta-data android:name="com.google.firebase.messaging.default_notification_icon" android:resource="@mipmap/ic_launcher" /> 
151		<meta-data android:name="com.google.firebase.messaging.default_notification_color" android:resource="@color/colorAccent" />
152		<meta-data android:name="com.dieam.reactnativepushnotification.default_notification_channel_id" android:value="@string/default_notification_channel_id" />
153        -->
154
155
156        <!-- Change the value to true to enable pop-up for in foreground on receiving remote notifications (for prevent duplicating while showing local notifications set this to false) -->
157        <!--
158        <meta-data  android:name="com.dieam.reactnativepushnotification.notification_foreground" android:value="true" />
159		<meta-data  android:name="com.dieam.reactnativepushnotification.notification_color" android:resource="@color/white" />
160        -->
161
162
163        <!--
164        <receiver android:name="com.dieam.reactnativepushnotification.modules.RNPushNotificationActions" />
165		<receiver android:name="com.dieam.reactnativepushnotification.modules.RNPushNotificationPublisher" />
166		<receiver android:name="com.dieam.reactnativepushnotification.modules.RNPushNotificationBootEventReceiver">
167			<intent-filter>
168				<action android:name="android.intent.action.BOOT_COMPLETED" />
169				<action android:name="android.intent.action.QUICKBOOT_POWERON" />
170				<action android:name="com.htc.intent.action.QUICKBOOT_POWERON"/>
171			</intent-filter>
172		</receiver>
173		
174		<service android:name="com.dieam.reactnativepushnotification.modules.RNPushNotificationListenerService" android:exported="false">
175			<intent-filter>
176				<action android:name="com.google.firebase.MESSAGING_EVENT" />
177			</intent-filter>
178		</service>
179        -->
180        <!-- End of Push Notification -->
181
182        <meta-data
182-->src\main\AndroidManifest.xml:134:4-118
183            android:name="com.google.android.geo.API_KEY"
183-->src\main\AndroidManifest.xml:134:15-60
184            android:value="AIzaSyBzzTk-gzFStNFGDfSlS-H3HENq-ZAlkyQ" />
184-->src\main\AndroidManifest.xml:134:61-116
185
186        <provider
186-->[:react-native-image-picker] AndroidManifest.xml:8:9-16:20
187            android:name="com.imagepicker.ImagePickerProvider"
187-->[:react-native-image-picker] AndroidManifest.xml:9:13-63
188            android:authorities="com.uderdriverapp.imagepickerprovider"
188-->[:react-native-image-picker] AndroidManifest.xml:10:13-71
189            android:exported="false"
189-->[:react-native-image-picker] AndroidManifest.xml:11:13-37
190            android:grantUriPermissions="true" >
190-->[:react-native-image-picker] AndroidManifest.xml:12:13-47
191            <meta-data
191-->[:react-native-image-picker] AndroidManifest.xml:13:13-15:70
192                android:name="android.support.FILE_PROVIDER_PATHS"
192-->[:react-native-image-picker] AndroidManifest.xml:14:17-67
193                android:resource="@xml/imagepicker_provider_paths" />
193-->[:react-native-image-picker] AndroidManifest.xml:15:17-67
194        </provider>
195
196        <meta-data
196-->[com.google.maps.android:android-maps-utils:3.8.2] AndroidManifest.xml:8:9-10:69
197            android:name="com.google.android.gms.version"
197-->[com.google.maps.android:android-maps-utils:3.8.2] AndroidManifest.xml:9:13-58
198            android:value="@integer/google_play_services_version" /> <!-- Needs to be explicitly declared on P+ -->
198-->[com.google.maps.android:android-maps-utils:3.8.2] AndroidManifest.xml:10:13-66
199        <uses-library
199-->[com.google.android.gms:play-services-maps:18.2.0] AndroidManifest.xml:39:9-41:40
200            android:name="org.apache.http.legacy"
200-->[com.google.android.gms:play-services-maps:18.2.0] AndroidManifest.xml:40:13-50
201            android:required="false" />
201-->[com.google.android.gms:play-services-maps:18.2.0] AndroidManifest.xml:41:13-37
202
203        <activity
203-->[com.google.android.gms:play-services-base:18.2.0] AndroidManifest.xml:20:9-22:45
204            android:name="com.google.android.gms.common.api.GoogleApiActivity"
204-->[com.google.android.gms:play-services-base:18.2.0] AndroidManifest.xml:20:19-85
205            android:exported="false"
205-->[com.google.android.gms:play-services-base:18.2.0] AndroidManifest.xml:22:19-43
206            android:theme="@android:style/Theme.Translucent.NoTitleBar" />
206-->[com.google.android.gms:play-services-base:18.2.0] AndroidManifest.xml:21:19-78
207
208        <receiver
208-->[com.google.firebase:firebase-messaging:21.1.0] AndroidManifest.xml:28:9-35:20
209            android:name="com.google.firebase.iid.FirebaseInstanceIdReceiver"
209-->[com.google.firebase:firebase-messaging:21.1.0] AndroidManifest.xml:29:13-78
210            android:exported="true"
210-->[com.google.firebase:firebase-messaging:21.1.0] AndroidManifest.xml:30:13-36
211            android:permission="com.google.android.c2dm.permission.SEND" >
211-->[com.google.firebase:firebase-messaging:21.1.0] AndroidManifest.xml:31:13-73
212            <intent-filter>
212-->[com.google.firebase:firebase-messaging:21.1.0] AndroidManifest.xml:32:13-34:29
213                <action android:name="com.google.android.c2dm.intent.RECEIVE" />
213-->[com.google.firebase:firebase-messaging:21.1.0] AndroidManifest.xml:33:17-81
213-->[com.google.firebase:firebase-messaging:21.1.0] AndroidManifest.xml:33:25-78
214            </intent-filter>
215        </receiver>
216        <!--
217             FirebaseMessagingService performs security checks at runtime,
218             but set to not exported to explicitly avoid allowing another app to call it.
219        -->
220        <service
220-->[com.google.firebase:firebase-messaging:21.1.0] AndroidManifest.xml:41:9-48:19
221            android:name="com.google.firebase.messaging.FirebaseMessagingService"
221-->[com.google.firebase:firebase-messaging:21.1.0] AndroidManifest.xml:42:13-82
222            android:directBootAware="true"
222-->[com.google.firebase:firebase-messaging:21.1.0] AndroidManifest.xml:43:13-43
223            android:exported="false" >
223-->[com.google.firebase:firebase-messaging:21.1.0] AndroidManifest.xml:44:13-37
224            <intent-filter android:priority="-500" >
224-->[com.google.firebase:firebase-messaging:21.1.0] AndroidManifest.xml:45:13-47:29
224-->[com.google.firebase:firebase-messaging:21.1.0] AndroidManifest.xml:45:28-51
225                <action android:name="com.google.firebase.MESSAGING_EVENT" />
225-->[com.google.firebase:firebase-messaging:21.1.0] AndroidManifest.xml:46:17-78
225-->[com.google.firebase:firebase-messaging:21.1.0] AndroidManifest.xml:46:25-75
226            </intent-filter>
227        </service>
228        <service
228-->[com.google.firebase:firebase-messaging:21.1.0] AndroidManifest.xml:49:9-55:19
229            android:name="com.google.firebase.components.ComponentDiscoveryService"
229-->[com.google.firebase:firebase-messaging:21.1.0] AndroidManifest.xml:50:13-84
230            android:directBootAware="true"
230-->[com.google.firebase:firebase-common:19.5.0] AndroidManifest.xml:35:13-43
231            android:exported="false" >
231-->[com.google.firebase:firebase-messaging:21.1.0] AndroidManifest.xml:51:13-37
232            <meta-data
232-->[com.google.firebase:firebase-messaging:21.1.0] AndroidManifest.xml:52:13-54:85
233                android:name="com.google.firebase.components:com.google.firebase.messaging.FirebaseMessagingRegistrar"
233-->[com.google.firebase:firebase-messaging:21.1.0] AndroidManifest.xml:53:17-119
234                android:value="com.google.firebase.components.ComponentRegistrar" />
234-->[com.google.firebase:firebase-messaging:21.1.0] AndroidManifest.xml:54:17-82
235            <meta-data
235-->[com.google.firebase:firebase-iid:21.1.0] AndroidManifest.xml:32:13-34:85
236                android:name="com.google.firebase.components:com.google.firebase.iid.Registrar"
236-->[com.google.firebase:firebase-iid:21.1.0] AndroidManifest.xml:33:17-96
237                android:value="com.google.firebase.components.ComponentRegistrar" />
237-->[com.google.firebase:firebase-iid:21.1.0] AndroidManifest.xml:34:17-82
238            <meta-data
238-->[com.google.firebase:firebase-datatransport:17.0.10] AndroidManifest.xml:28:13-30:85
239                android:name="com.google.firebase.components:com.google.firebase.datatransport.TransportRegistrar"
239-->[com.google.firebase:firebase-datatransport:17.0.10] AndroidManifest.xml:29:17-115
240                android:value="com.google.firebase.components.ComponentRegistrar" />
240-->[com.google.firebase:firebase-datatransport:17.0.10] AndroidManifest.xml:30:17-82
241            <meta-data
241-->[com.google.firebase:firebase-installations:16.3.5] AndroidManifest.xml:18:13-20:85
242                android:name="com.google.firebase.components:com.google.firebase.installations.FirebaseInstallationsRegistrar"
242-->[com.google.firebase:firebase-installations:16.3.5] AndroidManifest.xml:19:17-127
243                android:value="com.google.firebase.components.ComponentRegistrar" />
243-->[com.google.firebase:firebase-installations:16.3.5] AndroidManifest.xml:20:17-82
244            <!--
245                This registrar is not defined in the dynamic-module-support sdk itself to allow non-firebase
246                clients to use it as well, by defining this registrar in their own core/common library.
247            -->
248            <meta-data
248-->[com.google.firebase:firebase-common:19.5.0] AndroidManifest.xml:43:13-45:85
249                android:name="com.google.firebase.components:com.google.firebase.dynamicloading.DynamicLoadingRegistrar"
249-->[com.google.firebase:firebase-common:19.5.0] AndroidManifest.xml:44:17-121
250                android:value="com.google.firebase.components.ComponentRegistrar" />
250-->[com.google.firebase:firebase-common:19.5.0] AndroidManifest.xml:45:17-82
251        </service>
252
253        <provider
253-->[com.google.firebase:firebase-common:19.5.0] AndroidManifest.xml:26:9-31:39
254            android:name="com.google.firebase.provider.FirebaseInitProvider"
254-->[com.google.firebase:firebase-common:19.5.0] AndroidManifest.xml:27:13-77
255            android:authorities="com.uderdriverapp.firebaseinitprovider"
255-->[com.google.firebase:firebase-common:19.5.0] AndroidManifest.xml:28:13-72
256            android:directBootAware="true"
256-->[com.google.firebase:firebase-common:19.5.0] AndroidManifest.xml:29:13-43
257            android:exported="false"
257-->[com.google.firebase:firebase-common:19.5.0] AndroidManifest.xml:30:13-37
258            android:initOrder="100" />
258-->[com.google.firebase:firebase-common:19.5.0] AndroidManifest.xml:31:13-36
259        <provider
259-->[androidx.work:work-runtime:2.7.1] AndroidManifest.xml:31:9-39:20
260            android:name="androidx.startup.InitializationProvider"
260-->[androidx.work:work-runtime:2.7.1] AndroidManifest.xml:32:13-67
261            android:authorities="com.uderdriverapp.androidx-startup"
261-->[androidx.work:work-runtime:2.7.1] AndroidManifest.xml:33:13-68
262            android:exported="false" >
262-->[androidx.work:work-runtime:2.7.1] AndroidManifest.xml:34:13-37
263            <meta-data
263-->[androidx.work:work-runtime:2.7.1] AndroidManifest.xml:36:13-38:52
264                android:name="androidx.work.WorkManagerInitializer"
264-->[androidx.work:work-runtime:2.7.1] AndroidManifest.xml:37:17-68
265                android:value="androidx.startup" />
265-->[androidx.work:work-runtime:2.7.1] AndroidManifest.xml:38:17-49
266            <meta-data
266-->[androidx.emoji2:emoji2:1.0.0] AndroidManifest.xml:31:13-33:52
267                android:name="androidx.emoji2.text.EmojiCompatInitializer"
267-->[androidx.emoji2:emoji2:1.0.0] AndroidManifest.xml:32:17-75
268                android:value="androidx.startup" />
268-->[androidx.emoji2:emoji2:1.0.0] AndroidManifest.xml:33:17-49
269            <meta-data
269-->[androidx.lifecycle:lifecycle-process:2.4.0] AndroidManifest.xml:31:13-33:52
270                android:name="androidx.lifecycle.ProcessLifecycleInitializer"
270-->[androidx.lifecycle:lifecycle-process:2.4.0] AndroidManifest.xml:32:17-78
271                android:value="androidx.startup" />
271-->[androidx.lifecycle:lifecycle-process:2.4.0] AndroidManifest.xml:33:17-49
272        </provider>
273